<?xml version="1.0" encoding="UTF-8"?>
<testsuite xmlns:xsi="http://www.w3.org/2001/XMLSchema-instance" xsi:noNamespaceSchemaLocation="https://maven.apache.org/surefire/maven-surefire-plugin/xsd/surefire-test-report.xsd" name="com.gupaoedu.springcloud.AppTest" time="0.041" tests="1" errors="0" skipped="0" failures="0">
  <properties>
    <property name="sun.desktop" value="windows"/>
    <property name="awt.toolkit" value="sun.awt.windows.WToolkit"/>
    <property name="file.encoding.pkg" value="sun.io"/>
    <property name="java.specification.version" value="1.8"/>
    <property name="sun.cpu.isalist" value="amd64"/>
    <property name="sun.jnu.encoding" value="GBK"/>
    <property name="java.class.path" value="E:\Github\spring-cloud-netflix\gupao-mall-order-service-8082\order-service-api\target\test-classes;E:\Github\spring-cloud-netflix\gupao-mall-order-service-8082\order-service-api\target\classes;E:\mvn_repository\org\springframework\boot\spring-boot-starter-web\2.3.0.RELEASE\spring-boot-starter-web-2.3.0.RELEASE.jar;E:\mvn_repository\org\springframework\boot\spring-boot-starter\2.3.0.RELEASE\spring-boot-starter-2.3.0.RELEASE.jar;E:\mvn_repository\org\springframework\boot\spring-boot\2.3.0.RELEASE\spring-boot-2.3.0.RELEASE.jar;E:\mvn_repository\org\springframework\boot\spring-boot-autoconfigure\2.3.0.RELEASE\spring-boot-autoconfigure-2.3.0.RELEASE.jar;E:\mvn_repository\org\springframework\boot\spring-boot-starter-logging\2.3.0.RELEASE\spring-boot-starter-logging-2.3.0.RELEASE.jar;E:\mvn_repository\ch\qos\logback\logback-classic\1.2.3\logback-classic-1.2.3.jar;E:\mvn_repository\ch\qos\logback\logback-core\1.2.3\logback-core-1.2.3.jar;E:\mvn_repository\org\apache\logging\log4j\log4j-to-slf4j\2.13.2\log4j-to-slf4j-2.13.2.jar;E:\mvn_repository\org\apache\logging\log4j\log4j-api\2.13.2\log4j-api-2.13.2.jar;E:\mvn_repository\org\slf4j\jul-to-slf4j\1.7.30\jul-to-slf4j-1.7.30.jar;E:\mvn_repository\jakarta\annotation\jakarta.annotation-api\1.3.5\jakarta.annotation-api-1.3.5.jar;E:\mvn_repository\org\springframework\spring-core\5.2.6.RELEASE\spring-core-5.2.6.RELEASE.jar;E:\mvn_repository\org\springframework\spring-jcl\5.2.6.RELEASE\spring-jcl-5.2.6.RELEASE.jar;E:\mvn_repository\org\yaml\snakeyaml\1.26\snakeyaml-1.26.jar;E:\mvn_repository\org\springframework\boot\spring-boot-starter-json\2.3.0.RELEASE\spring-boot-starter-json-2.3.0.RELEASE.jar;E:\mvn_repository\com\fasterxml\jackson\core\jackson-databind\2.11.0\jackson-databind-2.11.0.jar;E:\mvn_repository\com\fasterxml\jackson\core\jackson-annotations\2.11.0\jackson-annotations-2.11.0.jar;E:\mvn_repository\com\fasterxml\jackson\core\jackson-core\2.11.0\jackson-core-2.11.0.jar;E:\mvn_repository\com\fasterxml\jackson\datatype\jackson-datatype-jdk8\2.11.0\jackson-datatype-jdk8-2.11.0.jar;E:\mvn_repository\com\fasterxml\jackson\datatype\jackson-datatype-jsr310\2.11.0\jackson-datatype-jsr310-2.11.0.jar;E:\mvn_repository\com\fasterxml\jackson\module\jackson-module-parameter-names\2.11.0\jackson-module-parameter-names-2.11.0.jar;E:\mvn_repository\org\springframework\boot\spring-boot-starter-tomcat\2.3.0.RELEASE\spring-boot-starter-tomcat-2.3.0.RELEASE.jar;E:\mvn_repository\org\apache\tomcat\embed\tomcat-embed-core\9.0.35\tomcat-embed-core-9.0.35.jar;E:\mvn_repository\org\glassfish\jakarta.el\3.0.3\jakarta.el-3.0.3.jar;E:\mvn_repository\org\apache\tomcat\embed\tomcat-embed-websocket\9.0.35\tomcat-embed-websocket-9.0.35.jar;E:\mvn_repository\org\springframework\spring-web\5.2.6.RELEASE\spring-web-5.2.6.RELEASE.jar;E:\mvn_repository\org\springframework\spring-beans\5.2.6.RELEASE\spring-beans-5.2.6.RELEASE.jar;E:\mvn_repository\org\springframework\spring-webmvc\5.2.6.RELEASE\spring-webmvc-5.2.6.RELEASE.jar;E:\mvn_repository\org\springframework\spring-aop\5.2.6.RELEASE\spring-aop-5.2.6.RELEASE.jar;E:\mvn_repository\org\springframework\spring-context\5.2.6.RELEASE\spring-context-5.2.6.RELEASE.jar;E:\mvn_repository\org\springframework\spring-expression\5.2.6.RELEASE\spring-expression-5.2.6.RELEASE.jar;E:\mvn_repository\junit\junit\4.11\junit-4.11.jar;E:\mvn_repository\org\hamcrest\hamcrest-core\2.2\hamcrest-core-2.2.jar;E:\mvn_repository\org\hamcrest\hamcrest\2.2\hamcrest-2.2.jar;E:\mvn_repository\org\springframework\cloud\spring-cloud-starter-openfeign\2.2.2.RELEASE\spring-cloud-starter-openfeign-2.2.2.RELEASE.jar;E:\mvn_repository\org\springframework\cloud\spring-cloud-starter\2.2.2.RELEASE\spring-cloud-starter-2.2.2.RELEASE.jar;E:\mvn_repository\org\springframework\cloud\spring-cloud-context\2.2.2.RELEASE\spring-cloud-context-2.2.2.RELEASE.jar;E:\mvn_repository\org\springframework\security\spring-security-rsa\1.0.9.RELEASE\spring-security-rsa-1.0.9.RELEASE.jar;E:\mvn_repository\org\bouncycastle\bcpkix-jdk15on\1.64\bcpkix-jdk15on-1.64.jar;E:\mvn_repository\org\bouncycastle\bcprov-jdk15on\1.64\bcprov-jdk15on-1.64.jar;E:\mvn_repository\org\springframework\cloud\spring-cloud-openfeign-core\2.2.2.RELEASE\spring-cloud-openfeign-core-2.2.2.RELEASE.jar;E:\mvn_repository\org\springframework\cloud\spring-cloud-netflix-ribbon\2.2.2.RELEASE\spring-cloud-netflix-ribbon-2.2.2.RELEASE.jar;E:\mvn_repository\org\springframework\cloud\spring-cloud-netflix-archaius\2.2.2.RELEASE\spring-cloud-netflix-archaius-2.2.2.RELEASE.jar;E:\mvn_repository\org\springframework\boot\spring-boot-starter-aop\2.3.0.RELEASE\spring-boot-starter-aop-2.3.0.RELEASE.jar;E:\mvn_repository\org\aspectj\aspectjweaver\1.9.5\aspectjweaver-1.9.5.jar;E:\mvn_repository\io\github\openfeign\form\feign-form-spring\3.8.0\feign-form-spring-3.8.0.jar;E:\mvn_repository\io\github\openfeign\form\feign-form\3.8.0\feign-form-3.8.0.jar;E:\mvn_repository\commons-fileupload\commons-fileupload\1.4\commons-fileupload-1.4.jar;E:\mvn_repository\commons-io\commons-io\2.2\commons-io-2.2.jar;E:\mvn_repository\org\springframework\cloud\spring-cloud-commons\2.2.2.RELEASE\spring-cloud-commons-2.2.2.RELEASE.jar;E:\mvn_repository\org\springframework\security\spring-security-crypto\5.3.2.RELEASE\spring-security-crypto-5.3.2.RELEASE.jar;E:\mvn_repository\io\github\openfeign\feign-core\10.7.4\feign-core-10.7.4.jar;E:\mvn_repository\io\github\openfeign\feign-slf4j\10.7.4\feign-slf4j-10.7.4.jar;E:\mvn_repository\org\slf4j\slf4j-api\1.7.30\slf4j-api-1.7.30.jar;E:\mvn_repository\io\github\openfeign\feign-hystrix\10.7.4\feign-hystrix-10.7.4.jar;E:\mvn_repository\com\netflix\archaius\archaius-core\0.7.6\archaius-core-0.7.6.jar;E:\mvn_repository\com\google\code\findbugs\jsr305\3.0.1\jsr305-3.0.1.jar;E:\mvn_repository\commons-configuration\commons-configuration\1.8\commons-configuration-1.8.jar;E:\mvn_repository\commons-lang\commons-lang\2.6\commons-lang-2.6.jar;E:\mvn_repository\com\google\guava\guava\28.2-android\guava-28.2-android.jar;E:\mvn_repository\com\google\guava\failureaccess\1.0.1\failureaccess-1.0.1.jar;E:\mvn_repository\com\google\guava\listenablefuture\9999.0-empty-to-avoid-conflict-with-guava\listenablefuture-9999.0-empty-to-avoid-conflict-with-guava.jar;E:\mvn_repository\org\checkerframework\checker-compat-qual\2.5.5\checker-compat-qual-2.5.5.jar;E:\mvn_repository\com\google\errorprone\error_prone_annotations\2.3.4\error_prone_annotations-2.3.4.jar;E:\mvn_repository\com\google\j2objc\j2objc-annotations\1.3\j2objc-annotations-1.3.jar;E:\mvn_repository\com\netflix\hystrix\hystrix-core\1.5.18\hystrix-core-1.5.18.jar;E:\mvn_repository\io\reactivex\rxjava\1.3.8\rxjava-1.3.8.jar;E:\mvn_repository\org\hdrhistogram\HdrHistogram\2.1.9\HdrHistogram-2.1.9.jar;"/>
    <property name="java.vm.vendor" value="Oracle Corporation"/>
    <property name="sun.arch.data.model" value="64"/>
    <property name="user.variant" value=""/>
    <property name="java.vendor.url" value="http://java.oracle.com/"/>
    <property name="user.timezone" value="Asia/Shanghai"/>
    <property name="java.vm.specification.version" value="1.8"/>
    <property name="os.name" value="Windows 10"/>
    <property name="user.country" value="CN"/>
    <property name="sun.java.launcher" value="SUN_STANDARD"/>
    <property name="sun.boot.library.path" value="C:\Program Files\Java\jdk1.8.0_131\jre\bin"/>
    <property name="sun.java.command" value="C:\Users\curry\AppData\Local\Temp\surefire2787574620748027730\surefirebooter9146138594606748489.jar C:\Users\curry\AppData\Local\Temp\surefire2787574620748027730 2021-03-11T17-31-21_219-jvmRun1 surefire6340446790333611438tmp surefire_25600064749919461346tmp"/>
    <property name="surefire.test.class.path" value="E:\Github\spring-cloud-netflix\gupao-mall-order-service-8082\order-service-api\target\test-classes;E:\Github\spring-cloud-netflix\gupao-mall-order-service-8082\order-service-api\target\classes;E:\mvn_repository\org\springframework\boot\spring-boot-starter-web\2.3.0.RELEASE\spring-boot-starter-web-2.3.0.RELEASE.jar;E:\mvn_repository\org\springframework\boot\spring-boot-starter\2.3.0.RELEASE\spring-boot-starter-2.3.0.RELEASE.jar;E:\mvn_repository\org\springframework\boot\spring-boot\2.3.0.RELEASE\spring-boot-2.3.0.RELEASE.jar;E:\mvn_repository\org\springframework\boot\spring-boot-autoconfigure\2.3.0.RELEASE\spring-boot-autoconfigure-2.3.0.RELEASE.jar;E:\mvn_repository\org\springframework\boot\spring-boot-starter-logging\2.3.0.RELEASE\spring-boot-starter-logging-2.3.0.RELEASE.jar;E:\mvn_repository\ch\qos\logback\logback-classic\1.2.3\logback-classic-1.2.3.jar;E:\mvn_repository\ch\qos\logback\logback-core\1.2.3\logback-core-1.2.3.jar;E:\mvn_repository\org\apache\logging\log4j\log4j-to-slf4j\2.13.2\log4j-to-slf4j-2.13.2.jar;E:\mvn_repository\org\apache\logging\log4j\log4j-api\2.13.2\log4j-api-2.13.2.jar;E:\mvn_repository\org\slf4j\jul-to-slf4j\1.7.30\jul-to-slf4j-1.7.30.jar;E:\mvn_repository\jakarta\annotation\jakarta.annotation-api\1.3.5\jakarta.annotation-api-1.3.5.jar;E:\mvn_repository\org\springframework\spring-core\5.2.6.RELEASE\spring-core-5.2.6.RELEASE.jar;E:\mvn_repository\org\springframework\spring-jcl\5.2.6.RELEASE\spring-jcl-5.2.6.RELEASE.jar;E:\mvn_repository\org\yaml\snakeyaml\1.26\snakeyaml-1.26.jar;E:\mvn_repository\org\springframework\boot\spring-boot-starter-json\2.3.0.RELEASE\spring-boot-starter-json-2.3.0.RELEASE.jar;E:\mvn_repository\com\fasterxml\jackson\core\jackson-databind\2.11.0\jackson-databind-2.11.0.jar;E:\mvn_repository\com\fasterxml\jackson\core\jackson-annotations\2.11.0\jackson-annotations-2.11.0.jar;E:\mvn_repository\com\fasterxml\jackson\core\jackson-core\2.11.0\jackson-core-2.11.0.jar;E:\mvn_repository\com\fasterxml\jackson\datatype\jackson-datatype-jdk8\2.11.0\jackson-datatype-jdk8-2.11.0.jar;E:\mvn_repository\com\fasterxml\jackson\datatype\jackson-datatype-jsr310\2.11.0\jackson-datatype-jsr310-2.11.0.jar;E:\mvn_repository\com\fasterxml\jackson\module\jackson-module-parameter-names\2.11.0\jackson-module-parameter-names-2.11.0.jar;E:\mvn_repository\org\springframework\boot\spring-boot-starter-tomcat\2.3.0.RELEASE\spring-boot-starter-tomcat-2.3.0.RELEASE.jar;E:\mvn_repository\org\apache\tomcat\embed\tomcat-embed-core\9.0.35\tomcat-embed-core-9.0.35.jar;E:\mvn_repository\org\glassfish\jakarta.el\3.0.3\jakarta.el-3.0.3.jar;E:\mvn_repository\org\apache\tomcat\embed\tomcat-embed-websocket\9.0.35\tomcat-embed-websocket-9.0.35.jar;E:\mvn_repository\org\springframework\spring-web\5.2.6.RELEASE\spring-web-5.2.6.RELEASE.jar;E:\mvn_repository\org\springframework\spring-beans\5.2.6.RELEASE\spring-beans-5.2.6.RELEASE.jar;E:\mvn_repository\org\springframework\spring-webmvc\5.2.6.RELEASE\spring-webmvc-5.2.6.RELEASE.jar;E:\mvn_repository\org\springframework\spring-aop\5.2.6.RELEASE\spring-aop-5.2.6.RELEASE.jar;E:\mvn_repository\org\springframework\spring-context\5.2.6.RELEASE\spring-context-5.2.6.RELEASE.jar;E:\mvn_repository\org\springframework\spring-expression\5.2.6.RELEASE\spring-expression-5.2.6.RELEASE.jar;E:\mvn_repository\junit\junit\4.11\junit-4.11.jar;E:\mvn_repository\org\hamcrest\hamcrest-core\2.2\hamcrest-core-2.2.jar;E:\mvn_repository\org\hamcrest\hamcrest\2.2\hamcrest-2.2.jar;E:\mvn_repository\org\springframework\cloud\spring-cloud-starter-openfeign\2.2.2.RELEASE\spring-cloud-starter-openfeign-2.2.2.RELEASE.jar;E:\mvn_repository\org\springframework\cloud\spring-cloud-starter\2.2.2.RELEASE\spring-cloud-starter-2.2.2.RELEASE.jar;E:\mvn_repository\org\springframework\cloud\spring-cloud-context\2.2.2.RELEASE\spring-cloud-context-2.2.2.RELEASE.jar;E:\mvn_repository\org\springframework\security\spring-security-rsa\1.0.9.RELEASE\spring-security-rsa-1.0.9.RELEASE.jar;E:\mvn_repository\org\bouncycastle\bcpkix-jdk15on\1.64\bcpkix-jdk15on-1.64.jar;E:\mvn_repository\org\bouncycastle\bcprov-jdk15on\1.64\bcprov-jdk15on-1.64.jar;E:\mvn_repository\org\springframework\cloud\spring-cloud-openfeign-core\2.2.2.RELEASE\spring-cloud-openfeign-core-2.2.2.RELEASE.jar;E:\mvn_repository\org\springframework\cloud\spring-cloud-netflix-ribbon\2.2.2.RELEASE\spring-cloud-netflix-ribbon-2.2.2.RELEASE.jar;E:\mvn_repository\org\springframework\cloud\spring-cloud-netflix-archaius\2.2.2.RELEASE\spring-cloud-netflix-archaius-2.2.2.RELEASE.jar;E:\mvn_repository\org\springframework\boot\spring-boot-starter-aop\2.3.0.RELEASE\spring-boot-starter-aop-2.3.0.RELEASE.jar;E:\mvn_repository\org\aspectj\aspectjweaver\1.9.5\aspectjweaver-1.9.5.jar;E:\mvn_repository\io\github\openfeign\form\feign-form-spring\3.8.0\feign-form-spring-3.8.0.jar;E:\mvn_repository\io\github\openfeign\form\feign-form\3.8.0\feign-form-3.8.0.jar;E:\mvn_repository\commons-fileupload\commons-fileupload\1.4\commons-fileupload-1.4.jar;E:\mvn_repository\commons-io\commons-io\2.2\commons-io-2.2.jar;E:\mvn_repository\org\springframework\cloud\spring-cloud-commons\2.2.2.RELEASE\spring-cloud-commons-2.2.2.RELEASE.jar;E:\mvn_repository\org\springframework\security\spring-security-crypto\5.3.2.RELEASE\spring-security-crypto-5.3.2.RELEASE.jar;E:\mvn_repository\io\github\openfeign\feign-core\10.7.4\feign-core-10.7.4.jar;E:\mvn_repository\io\github\openfeign\feign-slf4j\10.7.4\feign-slf4j-10.7.4.jar;E:\mvn_repository\org\slf4j\slf4j-api\1.7.30\slf4j-api-1.7.30.jar;E:\mvn_repository\io\github\openfeign\feign-hystrix\10.7.4\feign-hystrix-10.7.4.jar;E:\mvn_repository\com\netflix\archaius\archaius-core\0.7.6\archaius-core-0.7.6.jar;E:\mvn_repository\com\google\code\findbugs\jsr305\3.0.1\jsr305-3.0.1.jar;E:\mvn_repository\commons-configuration\commons-configuration\1.8\commons-configuration-1.8.jar;E:\mvn_repository\commons-lang\commons-lang\2.6\commons-lang-2.6.jar;E:\mvn_repository\com\google\guava\guava\28.2-android\guava-28.2-android.jar;E:\mvn_repository\com\google\guava\failureaccess\1.0.1\failureaccess-1.0.1.jar;E:\mvn_repository\com\google\guava\listenablefuture\9999.0-empty-to-avoid-conflict-with-guava\listenablefuture-9999.0-empty-to-avoid-conflict-with-guava.jar;E:\mvn_repository\org\checkerframework\checker-compat-qual\2.5.5\checker-compat-qual-2.5.5.jar;E:\mvn_repository\com\google\errorprone\error_prone_annotations\2.3.4\error_prone_annotations-2.3.4.jar;E:\mvn_repository\com\google\j2objc\j2objc-annotations\1.3\j2objc-annotations-1.3.jar;E:\mvn_repository\com\netflix\hystrix\hystrix-core\1.5.18\hystrix-core-1.5.18.jar;E:\mvn_repository\io\reactivex\rxjava\1.3.8\rxjava-1.3.8.jar;E:\mvn_repository\org\hdrhistogram\HdrHistogram\2.1.9\HdrHistogram-2.1.9.jar;"/>
    <property name="sun.cpu.endian" value="little"/>
    <property name="user.home" value="C:\Users\curry"/>
    <property name="user.language" value="zh"/>
    <property name="java.specification.vendor" value="Oracle Corporation"/>
    <property name="idea.version2019.2.2" value="true"/>
    <property name="java.home" value="C:\Program Files\Java\jdk1.8.0_131\jre"/>
    <property name="basedir" value="E:\Github\spring-cloud-netflix\gupao-mall-order-service-8082\order-service-api"/>
    <property name="file.separator" value="\"/>
    <property name="line.separator" value="&#10;"/>
    <property name="java.vm.specification.vendor" value="Oracle Corporation"/>
    <property name="java.specification.name" value="Java Platform API Specification"/>
    <property name="java.awt.graphicsenv" value="sun.awt.Win32GraphicsEnvironment"/>
    <property name="surefire.real.class.path" value="C:\Users\curry\AppData\Local\Temp\surefire2787574620748027730\surefirebooter9146138594606748489.jar"/>
    <property name="sun.boot.class.path" value="C:\Program Files\Java\jdk1.8.0_131\jre\lib\resources.jar;C:\Program Files\Java\jdk1.8.0_131\jre\lib\rt.jar;C:\Program Files\Java\jdk1.8.0_131\jre\lib\sunrsasign.jar;C:\Program Files\Java\jdk1.8.0_131\jre\lib\jsse.jar;C:\Program Files\Java\jdk1.8.0_131\jre\lib\jce.jar;C:\Program Files\Java\jdk1.8.0_131\jre\lib\charsets.jar;C:\Program Files\Java\jdk1.8.0_131\jre\lib\jfr.jar;C:\Program Files\Java\jdk1.8.0_131\jre\classes"/>
    <property name="user.script" value=""/>
    <property name="sun.management.compiler" value="HotSpot 64-Bit Tiered Compilers"/>
    <property name="java.runtime.version" value="1.8.0_131-b11"/>
    <property name="user.name" value="curry"/>
    <property name="path.separator" value=";"/>
    <property name="os.version" value="10.0"/>
    <property name="java.endorsed.dirs" value="C:\Program Files\Java\jdk1.8.0_131\jre\lib\endorsed"/>
    <property name="java.runtime.name" value="Java(TM) SE Runtime Environment"/>
    <property name="file.encoding" value="GBK"/>
    <property name="java.vm.name" value="Java HotSpot(TM) 64-Bit Server VM"/>
    <property name="localRepository" value="E:\mvn_repository"/>
    <property name="java.vendor.url.bug" value="http://bugreport.sun.com/bugreport/"/>
    <property name="java.io.tmpdir" value="C:\Users\curry\AppData\Local\Temp\"/>
    <property name="java.version" value="1.8.0_131"/>
    <property name="user.dir" value="E:\Github\spring-cloud-netflix\gupao-mall-order-service-8082\order-service-api"/>
    <property name="os.arch" value="amd64"/>
    <property name="java.vm.specification.name" value="Java Virtual Machine Specification"/>
    <property name="java.awt.printerjob" value="sun.awt.windows.WPrinterJob"/>
    <property name="sun.os.patch.level" value=""/>
    <property name="java.library.path" value="C:\Program Files\Java\jdk1.8.0_131\jre\bin;C:\WINDOWS\Sun\Java\bin;C:\WINDOWS\system32;C:\WINDOWS;C:\WINDOWS\system32;C:\ProgramData\Oracle\Java\javapath;C:\WINDOWS;C:\WINDOWS\System32\Wbem;C:\WINDOWS\System32\WindowsPowerShell\v1.0\;C:\Program Files\Git\cmd;C:\Program Files\Git\bin;C:\Program Files\nodejs\;C:\Program Files\Java\jdk1.8.0_131\bin;C:\Program Files\Java\jdk1.8.0_131\jre\bin;C:\Program Files\apche_tomcat\apache-tomcat-8.5.31;C:\Program Files (x86)\MySQL\MySQL Server 5.5\bin;E:\常用的软件\apache-maven-3.5.2\bin;C:\Program Files\MySQL\MySQL Server 5.5\bin;C:\Program Files\TortoiseSVN\bin;C:\WINDOWS\System32\OpenSSH\;C:\Program Files (x86)\Microsoft SQL Server\150\DTS\Binn\;C:\Program Files\apche_tomcat\apache-tomcat-6.0.53\bin;E:\Program Files\Git LFS;E:\python;E:\python\Scripts;E:\apache-zookeeper-3.5.8-bin\bin;C:\ProgramData\chocolatey\bin;E:\HashiCorp\Vagrant\bin;E:\appinstall\gradle-4.9\bin;C:\Program Files (x86)\NetSarang\Xshell 6\;C:\Users\curry\AppData\Local\Microsoft\WindowsApps;C:\Users\curry\AppData\Roaming\npm;;E:\Fiddler;."/>
    <property name="java.vm.info" value="mixed mode"/>
    <property name="java.vendor" value="Oracle Corporation"/>
    <property name="java.vm.version" value="25.131-b11"/>
    <property name="java.ext.dirs" value="C:\Program Files\Java\jdk1.8.0_131\jre\lib\ext;C:\WINDOWS\Sun\Java\lib\ext"/>
    <property name="sun.io.unicode.encoding" value="UnicodeLittle"/>
    <property name="maven.repo.local" value="E:\mvn_repository"/>
    <property name="java.class.version" value="52.0"/>
  </properties>
  <testcase name="shouldAnswerWithTrue" classname="com.gupaoedu.springcloud.AppTest" time="0.001"/>
</testsuite>